-------------------------------------------------------------------------------
Test set: com.speckyfox.supportsales.CompanyWebsiteApplicationTests
-------------------------------------------------------------------------------
Tests run: 1, Failures: 0, Errors: 1, Skipped: 0, Time elapsed: 1.182 s <<< FAILURE! - in com.speckyfox.supportsales.CompanyWebsiteApplicationTests
com.speckyfox.supportsales.CompanyWebsiteApplicationTests  Time elapsed: 1.178 s  <<< ERROR!
java.lang.IllegalStateException: Unable to find a @SpringBootConfiguration, you need to use @ContextConfiguration or @SpringBootTest(classes=...) with your test

