<?xml version="1.0" encoding="UTF-8"?>
<testsuite xmlns:xsi="http://www.w3.org/2001/XMLSchema-instance" xsi:noNamespaceSchemaLocation="https://maven.apache.org/surefire/maven-surefire-plugin/xsd/surefire-test-report.xsd" name="com.speckyfox.supportsales.CompanyWebsiteApplicationTests" time="1.182" tests="1" errors="1" skipped="0" failures="0">
  <properties>
[...]
</properties>
  <testcase name="com.speckyfox.supportsales.CompanyWebsiteApplicationTests" classname="com.speckyfox.supportsales.CompanyWebsiteApplicationTests" time="1.178">
    <error message="Unable to find a @SpringBootConfiguration, you need to use @ContextConfiguration or @SpringBootTest(classes=...) with your test" type="java.lang.IllegalStateException">java.lang.IllegalStateException: Unable to find a @SpringBootConfiguration, you need to use @ContextConfiguration or @SpringBootTest(classes=...) with your test
</error>
    <system-out><![CDATA[09:30:38.825 [main] DEBUG org.springframework.test.context.BootstrapUtils - Instantiating CacheAwareContextLoaderDelegate from class [org.springframework.test.context.cache.DefaultCacheAwareContextLoaderDelegate]
09:30:38.905 [main] DEBUG org.springframework.test.context.BootstrapUtils - Instantiating BootstrapContext using constructor [public org.springframework.test.context.support.DefaultBootstrapContext(java.lang.Class,org.springframework.test.context.CacheAwareContextLoaderDelegate)]
09:30:39.044 [main] DEBUG org.springframework.test.context.BootstrapUtils - Instantiating TestContextBootstrapper for test class [com.speckyfox.supportsales.CompanyWebsiteApplicationTests] from class [org.springframework.boot.test.context.SpringBootTestContextBootstrapper]
09:30:39.195 [main] INFO org.springframework.boot.test.context.SpringBootTestContextBootstrapper - Neither @ContextConfiguration nor @ContextHierarchy found for test class [com.speckyfox.supportsales.CompanyWebsiteApplicationTests], using SpringBootContextLoader
09:30:39.215 [main] DEBUG org.springframework.test.context.support.AbstractContextLoader - Did not detect default resource location for test class [com.speckyfox.supportsales.CompanyWebsiteApplicationTests]: class path resource [com/speckyfox/supportsales/CompanyWebsiteApplicationTests-context.xml] does not exist
09:30:39.223 [main] DEBUG org.springframework.test.context.support.AbstractContextLoader - Did not detect default resource location for test class [com.speckyfox.supportsales.CompanyWebsiteApplicationTests]: class path resource [com/speckyfox/supportsales/CompanyWebsiteApplicationTestsContext.groovy] does not exist
09:30:39.223 [main] INFO org.springframework.test.context.support.AbstractContextLoader - Could not detect default resource locations for test class [com.speckyfox.supportsales.CompanyWebsiteApplicationTests]: no resource found for suffixes {-context.xml, Context.groovy}.
09:30:39.227 [main] INFO org.springframework.test.context.support.AnnotationConfigContextLoaderUtils - Could not detect default configuration classes for test class [com.speckyfox.supportsales.CompanyWebsiteApplicationTests]: CompanyWebsiteApplicationTests does not declare any static, non-private, non-final, nested classes annotated with @Configuration.
09:30:39.427 [main] DEBUG org.springframework.test.context.support.ActiveProfilesUtils - Could not find an 'annotation declaring class' for annotation type [org.springframework.test.context.ActiveProfiles] and class [com.speckyfox.supportsales.CompanyWebsiteApplicationTests]
09:30:39.591 [main] DEBUG org.springframework.test.context.BootstrapUtils - Instantiating CacheAwareContextLoaderDelegate from class [org.springframework.test.context.cache.DefaultCacheAwareContextLoaderDelegate]
09:30:39.591 [main] DEBUG org.springframework.test.context.BootstrapUtils - Instantiating BootstrapContext using constructor [public org.springframework.test.context.support.DefaultBootstrapContext(java.lang.Class,org.springframework.test.context.CacheAwareContextLoaderDelegate)]
09:30:39.591 [main] DEBUG org.springframework.test.context.BootstrapUtils - Instantiating TestContextBootstrapper for test class [com.speckyfox.supportsales.CompanyWebsiteApplicationTests] from class [org.springframework.boot.test.context.SpringBootTestContextBootstrapper]
09:30:39.595 [main] INFO org.springframework.boot.test.context.SpringBootTestContextBootstrapper - Neither @ContextConfiguration nor @ContextHierarchy found for test class [com.speckyfox.supportsales.CompanyWebsiteApplicationTests], using SpringBootContextLoader
09:30:39.595 [main] DEBUG org.springframework.test.context.support.AbstractContextLoader - Did not detect default resource location for test class [com.speckyfox.supportsales.CompanyWebsiteApplicationTests]: class path resource [com/speckyfox/supportsales/CompanyWebsiteApplicationTests-context.xml] does not exist
09:30:39.599 [main] DEBUG org.springframework.test.context.support.AbstractContextLoader - Did not detect default resource location for test class [com.speckyfox.supportsales.CompanyWebsiteApplicationTests]: class path resource [com/speckyfox/supportsales/CompanyWebsiteApplicationTestsContext.groovy] does not exist
09:30:39.599 [main] INFO org.springframework.test.context.support.AbstractContextLoader - Could not detect default resource locations for test class [com.speckyfox.supportsales.CompanyWebsiteApplicationTests]: no resource found for suffixes {-context.xml, Context.groovy}.
09:30:39.599 [main] INFO org.springframework.test.context.support.AnnotationConfigContextLoaderUtils - Could not detect default configuration classes for test class [com.speckyfox.supportsales.CompanyWebsiteApplicationTests]: CompanyWebsiteApplicationTests does not declare any static, non-private, non-final, nested classes annotated with @Configuration.
09:30:39.599 [main] DEBUG org.springframework.test.context.support.ActiveProfilesUtils - Could not find an 'annotation declaring class' for annotation type [org.springframework.test.context.ActiveProfiles] and class [com.speckyfox.supportsales.CompanyWebsiteApplicationTests]
09:30:39.651 [main] DEBUG org.springframework.test.context.BootstrapUtils - Instantiating CacheAwareContextLoaderDelegate from class [org.springframework.test.context.cache.DefaultCacheAwareContextLoaderDelegate]
09:30:39.651 [main] DEBUG org.springframework.test.context.BootstrapUtils - Instantiating BootstrapContext using constructor [public org.springframework.test.context.support.DefaultBootstrapContext(java.lang.Class,org.springframework.test.context.CacheAwareContextLoaderDelegate)]
09:30:39.655 [main] DEBUG org.springframework.test.context.BootstrapUtils - Instantiating TestContextBootstrapper for test class [com.speckyfox.supportsales.CompanyWebsiteApplicationTests] from class [org.springframework.boot.test.context.SpringBootTestContextBootstrapper]
09:30:39.659 [main] INFO org.springframework.boot.test.context.SpringBootTestContextBootstrapper - Neither @ContextConfiguration nor @ContextHierarchy found for test class [com.speckyfox.supportsales.CompanyWebsiteApplicationTests], using SpringBootContextLoader
09:30:39.659 [main] DEBUG org.springframework.test.context.support.AbstractContextLoader - Did not detect default resource location for test class [com.speckyfox.supportsales.CompanyWebsiteApplicationTests]: class path resource [com/speckyfox/supportsales/CompanyWebsiteApplicationTests-context.xml] does not exist
09:30:39.659 [main] DEBUG org.springframework.test.context.support.AbstractContextLoader - Did not detect default resource location for test class [com.speckyfox.supportsales.CompanyWebsiteApplicationTests]: class path resource [com/speckyfox/supportsales/CompanyWebsiteApplicationTestsContext.groovy] does not exist
09:30:39.659 [main] INFO org.springframework.test.context.support.AbstractContextLoader - Could not detect default resource locations for test class [com.speckyfox.supportsales.CompanyWebsiteApplicationTests]: no resource found for suffixes {-context.xml, Context.groovy}.
09:30:39.659 [main] INFO org.springframework.test.context.support.AnnotationConfigContextLoaderUtils - Could not detect default configuration classes for test class [com.speckyfox.supportsales.CompanyWebsiteApplicationTests]: CompanyWebsiteApplicationTests does not declare any static, non-private, non-final, nested classes annotated with @Configuration.
09:30:39.667 [main] DEBUG org.springframework.test.context.support.ActiveProfilesUtils - Could not find an 'annotation declaring class' for annotation type [org.springframework.test.context.ActiveProfiles] and class [com.speckyfox.supportsales.CompanyWebsiteApplicationTests]
]]></system-out>
  </testcase>
</testsuite>